<?xml version="1.0" encoding="UTF-8"?>
<!-- Generated by org.testng.reporters.JUnitReportReporter -->
<testsuite hostname="LAPTOP-LU2O6GHL" failures="0" tests="1" name="com.inetBanking.testcases.TC_CreateNewCustomer_003" time="20.960" errors="0" timestamp="2021-03-02T23:51:57 IST" skipped="0">
  <testcase classname="com.inetBanking.testcases.TC_CreateNewCustomer_003" name="addNewCustomer" time="20.960"/>
  <system-out/>
</testsuite> <!-- com.inetBanking.testcases.TC_CreateNewCustomer_003 -->
