<?xml version="1.0" encoding="UTF-8"?>
<!-- Generated by org.testng.reporters.JUnitReportReporter -->
<testsuite hostname="LAPTOP-LU2O6GHL" failures="0" tests="1" name="com.inetBanking.testcases.TC_CreateNewCustomer_003" time="21.622" errors="0" timestamp="2021-03-05T11:28:47 IST" skipped="0">
  <testcase classname="com.inetBanking.testcases.TC_CreateNewCustomer_003" name="addNewCustomer" time="21.622"/>
  <system-out/>
</testsuite> <!-- com.inetBanking.testcases.TC_CreateNewCustomer_003 -->
