<?xml version="1.0" encoding="UTF-8"?>
<!-- Generated by org.testng.reporters.JUnitReportReporter -->
<testsuite hostname="LAPTOP-LU2O6GHL" failures="0" tests="1" name="com.inetBanking.testcases.TC_Login_001" time="6.789" errors="0" timestamp="2021-03-05T11:28:47 IST" skipped="0">
  <testcase classname="com.inetBanking.testcases.TC_Login_001" name="loginTest" time="6.789"/>
  <system-out/>
</testsuite> <!-- com.inetBanking.testcases.TC_Login_001 -->
